<?xml version="1.0" encoding="UTF-8" ?>
<testsuite failures="0" time="0.015" errors="0" skipped="0" tests="1" name="com.meituan.storm.storm_example.AppTest">
  <properties>
    <property name="java.runtime.name" value="Java(TM) SE Runtime Environment"/>
    <property name="sun.boot.library.path" value="/usr/local/jdk1.7.0_21/jre/lib/amd64"/>
    <property name="java.vm.version" value="23.21-b01"/>
    <property name="java.vm.vendor" value="Oracle Corporation"/>
    <property name="java.vendor.url" value="http://java.oracle.com/"/>
    <property name="path.separator" value=":"/>
    <property name="java.vm.name" value="Java HotSpot(TM) 64-Bit Server VM"/>
    <property name="file.encoding.pkg" value="sun.io"/>
    <property name="user.country" value="CN"/>
    <property name="sun.java.launcher" value="SUN_STANDARD"/>
    <property name="sun.os.patch.level" value="unknown"/>
    <property name="java.vm.specification.name" value="Java Virtual Machine Specification"/>
    <property name="user.dir" value="/opt/home/judasheng/workspace/storm-example"/>
    <property name="java.runtime.version" value="1.7.0_21-b11"/>
    <property name="java.awt.graphicsenv" value="sun.awt.X11GraphicsEnvironment"/>
    <property name="basedir" value="/opt/home/judasheng/workspace/storm-example"/>
    <property name="java.endorsed.dirs" value="/usr/local/jdk1.7.0_21/jre/lib/endorsed"/>
    <property name="os.arch" value="amd64"/>
    <property name="surefire.real.class.path" value="/opt/home/judasheng/workspace/storm-example/target/surefire/surefirebooter4588769584018811870.jar"/>
    <property name="java.io.tmpdir" value="/tmp"/>
    <property name="line.separator" value="
"/>
    <property name="java.vm.specification.vendor" value="Oracle Corporation"/>
    <property name="os.name" value="Linux"/>
    <property name="sun.jnu.encoding" value="UTF-8"/>
    <property name="java.library.path" value="/usr/java/packages/lib/amd64:/usr/lib64:/lib64:/lib:/usr/lib"/>
    <property name="surefire.test.class.path" value="/opt/home/judasheng/workspace/storm-example/target/test-classes:/opt/home/judasheng/workspace/storm-example/target/classes:/home/judasheng/.m2/repository/storm/storm/0.8.2/storm-0.8.2.jar:/home/judasheng/.m2/repository/org/clojure/clojure/1.4.0/clojure-1.4.0.jar:/home/judasheng/.m2/repository/commons-io/commons-io/1.4/commons-io-1.4.jar:/home/judasheng/.m2/repository/org/apache/commons/commons-exec/1.1/commons-exec-1.1.jar:/home/judasheng/.m2/repository/storm/libthrift7/0.7.0/libthrift7-0.7.0.jar:/home/judasheng/.m2/repository/org/slf4j/slf4j-api/1.5.8/slf4j-api-1.5.8.jar:/home/judasheng/.m2/repository/commons-lang/commons-lang/2.5/commons-lang-2.5.jar:/home/judasheng/.m2/repository/javax/servlet/servlet-api/2.5/servlet-api-2.5.jar:/home/judasheng/.m2/repository/clj-time/clj-time/0.4.1/clj-time-0.4.1.jar:/home/judasheng/.m2/repository/joda-time/joda-time/2.0/joda-time-2.0.jar:/home/judasheng/.m2/repository/log4j/log4j/1.2.16/log4j-1.2.16.jar:/home/judasheng/.m2/repository/com/netflix/curator/curator-framework/1.0.1/curator-framework-1.0.1.jar:/home/judasheng/.m2/repository/com/netflix/curator/curator-client/1.0.1/curator-client-1.0.1.jar:/home/judasheng/.m2/repository/org/apache/zookeeper/zookeeper/3.3.3/zookeeper-3.3.3.jar:/home/judasheng/.m2/repository/jline/jline/0.9.94/jline-0.9.94.jar:/home/judasheng/.m2/repository/backtype/jzmq/2.1.0/jzmq-2.1.0.jar:/home/judasheng/.m2/repository/com/googlecode/json-simple/json-simple/1.1/json-simple-1.1.jar:/home/judasheng/.m2/repository/compojure/compojure/1.1.3/compojure-1.1.3.jar:/home/judasheng/.m2/repository/org/clojure/core.incubator/0.1.0/core.incubator-0.1.0.jar:/home/judasheng/.m2/repository/org/clojure/tools.macro/0.1.0/tools.macro-0.1.0.jar:/home/judasheng/.m2/repository/clout/clout/1.0.1/clout-1.0.1.jar:/home/judasheng/.m2/repository/ring/ring-core/1.1.5/ring-core-1.1.5.jar:/home/judasheng/.m2/repository/commons-fileupload/commons-fileupload/1.2.1/commons-fileupload-1.2.1.jar:/home/judasheng/.m2/repository/hiccup/hiccup/0.3.6/hiccup-0.3.6.jar:/home/judasheng/.m2/repository/ring/ring-jetty-adapter/0.3.11/ring-jetty-adapter-0.3.11.jar:/home/judasheng/.m2/repository/ring/ring-servlet/0.3.11/ring-servlet-0.3.11.jar:/home/judasheng/.m2/repository/org/mortbay/jetty/jetty/6.1.26/jetty-6.1.26.jar:/home/judasheng/.m2/repository/org/mortbay/jetty/servlet-api/2.5-20081211/servlet-api-2.5-20081211.jar:/home/judasheng/.m2/repository/org/mortbay/jetty/jetty-util/6.1.26/jetty-util-6.1.26.jar:/home/judasheng/.m2/repository/org/clojure/tools.logging/0.2.3/tools.logging-0.2.3.jar:/home/judasheng/.m2/repository/org/clojure/math.numeric-tower/0.0.1/math.numeric-tower-0.0.1.jar:/home/judasheng/.m2/repository/org/slf4j/slf4j-log4j12/1.5.8/slf4j-log4j12-1.5.8.jar:/home/judasheng/.m2/repository/storm/carbonite/1.5.0/carbonite-1.5.0.jar:/home/judasheng/.m2/repository/com/esotericsoftware/kryo/kryo/2.17/kryo-2.17.jar:/home/judasheng/.m2/repository/com/esotericsoftware/reflectasm/reflectasm/1.07/reflectasm-1.07-shaded.jar:/home/judasheng/.m2/repository/org/ow2/asm/asm/4.0/asm-4.0.jar:/home/judasheng/.m2/repository/com/esotericsoftware/minlog/minlog/1.2/minlog-1.2.jar:/home/judasheng/.m2/repository/org/objenesis/objenesis/1.2/objenesis-1.2.jar:/home/judasheng/.m2/repository/org/yaml/snakeyaml/1.9/snakeyaml-1.9.jar:/home/judasheng/.m2/repository/org/apache/httpcomponents/httpclient/4.1.1/httpclient-4.1.1.jar:/home/judasheng/.m2/repository/org/apache/httpcomponents/httpcore/4.1/httpcore-4.1.jar:/home/judasheng/.m2/repository/commons-logging/commons-logging/1.1.1/commons-logging-1.1.1.jar:/home/judasheng/.m2/repository/commons-codec/commons-codec/1.4/commons-codec-1.4.jar:/home/judasheng/.m2/repository/storm/tools.cli/0.2.2/tools.cli-0.2.2.jar:/home/judasheng/.m2/repository/com/googlecode/disruptor/disruptor/2.10.1/disruptor-2.10.1.jar:/home/judasheng/.m2/repository/storm/jgrapht/0.8.3/jgrapht-0.8.3.jar:/home/judasheng/.m2/repository/com/google/guava/guava/13.0/guava-13.0.jar:/home/judasheng/.m2/repository/storm/storm-kafka/0.8.0-wip4/storm-kafka-0.8.0-wip4.jar:/home/judasheng/.m2/repository/org/clojars/jasonjckn/kafka_2.9.1/0.7.0/kafka_2.9.1-0.7.0.jar:/home/judasheng/.m2/repository/org/scala-lang/scala-library/2.9.1/scala-library-2.9.1.jar:/home/judasheng/.m2/repository/net/sf/jopt-simple/jopt-simple/3.2/jopt-simple-3.2.jar:/home/judasheng/.m2/repository/org/clojars/jasonjckn/zkclient/0.1/zkclient-0.1.jar:/home/judasheng/.m2/repository/junit/junit/3.8.1/junit-3.8.1.jar:"/>
    <property name="java.specification.name" value="Java Platform API Specification"/>
    <property name="java.class.version" value="51.0"/>
    <property name="sun.management.compiler" value="HotSpot 64-Bit Tiered Compilers"/>
    <property name="os.version" value="2.6.32-358.6.1.el6.x86_64"/>
    <property name="user.home" value="/home/judasheng"/>
    <property name="user.timezone" value=""/>
    <property name="java.awt.printerjob" value="sun.print.PSPrinterJob"/>
    <property name="file.encoding" value="UTF-8"/>
    <property name="java.specification.version" value="1.7"/>
    <property name="user.name" value="judasheng"/>
    <property name="java.class.path" value="/opt/home/judasheng/workspace/storm-example/target/test-classes:/opt/home/judasheng/workspace/storm-example/target/classes:/home/judasheng/.m2/repository/storm/storm/0.8.2/storm-0.8.2.jar:/home/judasheng/.m2/repository/org/clojure/clojure/1.4.0/clojure-1.4.0.jar:/home/judasheng/.m2/repository/commons-io/commons-io/1.4/commons-io-1.4.jar:/home/judasheng/.m2/repository/org/apache/commons/commons-exec/1.1/commons-exec-1.1.jar:/home/judasheng/.m2/repository/storm/libthrift7/0.7.0/libthrift7-0.7.0.jar:/home/judasheng/.m2/repository/org/slf4j/slf4j-api/1.5.8/slf4j-api-1.5.8.jar:/home/judasheng/.m2/repository/commons-lang/commons-lang/2.5/commons-lang-2.5.jar:/home/judasheng/.m2/repository/javax/servlet/servlet-api/2.5/servlet-api-2.5.jar:/home/judasheng/.m2/repository/clj-time/clj-time/0.4.1/clj-time-0.4.1.jar:/home/judasheng/.m2/repository/joda-time/joda-time/2.0/joda-time-2.0.jar:/home/judasheng/.m2/repository/log4j/log4j/1.2.16/log4j-1.2.16.jar:/home/judasheng/.m2/repository/com/netflix/curator/curator-framework/1.0.1/curator-framework-1.0.1.jar:/home/judasheng/.m2/repository/com/netflix/curator/curator-client/1.0.1/curator-client-1.0.1.jar:/home/judasheng/.m2/repository/org/apache/zookeeper/zookeeper/3.3.3/zookeeper-3.3.3.jar:/home/judasheng/.m2/repository/jline/jline/0.9.94/jline-0.9.94.jar:/home/judasheng/.m2/repository/backtype/jzmq/2.1.0/jzmq-2.1.0.jar:/home/judasheng/.m2/repository/com/googlecode/json-simple/json-simple/1.1/json-simple-1.1.jar:/home/judasheng/.m2/repository/compojure/compojure/1.1.3/compojure-1.1.3.jar:/home/judasheng/.m2/repository/org/clojure/core.incubator/0.1.0/core.incubator-0.1.0.jar:/home/judasheng/.m2/repository/org/clojure/tools.macro/0.1.0/tools.macro-0.1.0.jar:/home/judasheng/.m2/repository/clout/clout/1.0.1/clout-1.0.1.jar:/home/judasheng/.m2/repository/ring/ring-core/1.1.5/ring-core-1.1.5.jar:/home/judasheng/.m2/repository/commons-fileupload/commons-fileupload/1.2.1/commons-fileupload-1.2.1.jar:/home/judasheng/.m2/repository/hiccup/hiccup/0.3.6/hiccup-0.3.6.jar:/home/judasheng/.m2/repository/ring/ring-jetty-adapter/0.3.11/ring-jetty-adapter-0.3.11.jar:/home/judasheng/.m2/repository/ring/ring-servlet/0.3.11/ring-servlet-0.3.11.jar:/home/judasheng/.m2/repository/org/mortbay/jetty/jetty/6.1.26/jetty-6.1.26.jar:/home/judasheng/.m2/repository/org/mortbay/jetty/servlet-api/2.5-20081211/servlet-api-2.5-20081211.jar:/home/judasheng/.m2/repository/org/mortbay/jetty/jetty-util/6.1.26/jetty-util-6.1.26.jar:/home/judasheng/.m2/repository/org/clojure/tools.logging/0.2.3/tools.logging-0.2.3.jar:/home/judasheng/.m2/repository/org/clojure/math.numeric-tower/0.0.1/math.numeric-tower-0.0.1.jar:/home/judasheng/.m2/repository/org/slf4j/slf4j-log4j12/1.5.8/slf4j-log4j12-1.5.8.jar:/home/judasheng/.m2/repository/storm/carbonite/1.5.0/carbonite-1.5.0.jar:/home/judasheng/.m2/repository/com/esotericsoftware/kryo/kryo/2.17/kryo-2.17.jar:/home/judasheng/.m2/repository/com/esotericsoftware/reflectasm/reflectasm/1.07/reflectasm-1.07-shaded.jar:/home/judasheng/.m2/repository/org/ow2/asm/asm/4.0/asm-4.0.jar:/home/judasheng/.m2/repository/com/esotericsoftware/minlog/minlog/1.2/minlog-1.2.jar:/home/judasheng/.m2/repository/org/objenesis/objenesis/1.2/objenesis-1.2.jar:/home/judasheng/.m2/repository/org/yaml/snakeyaml/1.9/snakeyaml-1.9.jar:/home/judasheng/.m2/repository/org/apache/httpcomponents/httpclient/4.1.1/httpclient-4.1.1.jar:/home/judasheng/.m2/repository/org/apache/httpcomponents/httpcore/4.1/httpcore-4.1.jar:/home/judasheng/.m2/repository/commons-logging/commons-logging/1.1.1/commons-logging-1.1.1.jar:/home/judasheng/.m2/repository/commons-codec/commons-codec/1.4/commons-codec-1.4.jar:/home/judasheng/.m2/repository/storm/tools.cli/0.2.2/tools.cli-0.2.2.jar:/home/judasheng/.m2/repository/com/googlecode/disruptor/disruptor/2.10.1/disruptor-2.10.1.jar:/home/judasheng/.m2/repository/storm/jgrapht/0.8.3/jgrapht-0.8.3.jar:/home/judasheng/.m2/repository/com/google/guava/guava/13.0/guava-13.0.jar:/home/judasheng/.m2/repository/storm/storm-kafka/0.8.0-wip4/storm-kafka-0.8.0-wip4.jar:/home/judasheng/.m2/repository/org/clojars/jasonjckn/kafka_2.9.1/0.7.0/kafka_2.9.1-0.7.0.jar:/home/judasheng/.m2/repository/org/scala-lang/scala-library/2.9.1/scala-library-2.9.1.jar:/home/judasheng/.m2/repository/net/sf/jopt-simple/jopt-simple/3.2/jopt-simple-3.2.jar:/home/judasheng/.m2/repository/org/clojars/jasonjckn/zkclient/0.1/zkclient-0.1.jar:/home/judasheng/.m2/repository/junit/junit/3.8.1/junit-3.8.1.jar:"/>
    <property name="java.vm.specification.version" value="1.7"/>
    <property name="sun.arch.data.model" value="64"/>
    <property name="java.home" value="/usr/local/jdk1.7.0_21/jre"/>
    <property name="sun.java.command" value="/opt/home/judasheng/workspace/storm-example/target/surefire/surefirebooter4588769584018811870.jar /opt/home/judasheng/workspace/storm-example/target/surefire/surefire8434919170245263571tmp /opt/home/judasheng/workspace/storm-example/target/surefire/surefire2684071454961702629tmp"/>
    <property name="java.specification.vendor" value="Oracle Corporation"/>
    <property name="user.language" value="zh"/>
    <property name="awt.toolkit" value="sun.awt.X11.XToolkit"/>
    <property name="java.vm.info" value="mixed mode"/>
    <property name="java.version" value="1.7.0_21"/>
    <property name="java.ext.dirs" value="/usr/local/jdk1.7.0_21/jre/lib/ext:/usr/java/packages/lib/ext"/>
    <property name="sun.boot.class.path" value="/usr/local/jdk1.7.0_21/jre/lib/resources.jar:/usr/local/jdk1.7.0_21/jre/lib/rt.jar:/usr/local/jdk1.7.0_21/jre/lib/sunrsasign.jar:/usr/local/jdk1.7.0_21/jre/lib/jsse.jar:/usr/local/jdk1.7.0_21/jre/lib/jce.jar:/usr/local/jdk1.7.0_21/jre/lib/charsets.jar:/usr/local/jdk1.7.0_21/jre/lib/jfr.jar:/usr/local/jdk1.7.0_21/jre/classes"/>
    <property name="java.vendor" value="Oracle Corporation"/>
    <property name="localRepository" value="/home/judasheng/.m2/repository"/>
    <property name="file.separator" value="/"/>
    <property name="java.vendor.url.bug" value="http://bugreport.sun.com/bugreport/"/>
    <property name="sun.cpu.endian" value="little"/>
    <property name="sun.io.unicode.encoding" value="UnicodeLittle"/>
    <property name="sun.cpu.isalist" value=""/>
  </properties>
  <testcase time="0.002" classname="com.meituan.storm.storm_example.AppTest" name="testApp"/>
</testsuite>